<?xml version="1.0" encoding="UTF-8"?>
<testng-results ignored="2" total="9" passed="7" failed="0" skipped="0">
  <reporter-output>
  </reporter-output>
  <suite started-at="2024-08-16T23:22:38 IST" name="Surefire suite" finished-at="2024-08-16T23:29:06 IST" duration-ms="387682">
    <groups>
      <group name="regressionTest">
        <method signature="CreateContactTest.createContactWithOrgTest()[pri:0, instance:com.comcast.crm.contacttest.CreateContactTest@433d61fb]" name="createContactWithOrgTest" class="com.comcast.crm.contacttest.CreateContactTest"/>
        <method signature="CreateContactTest.createContactWithSupportDateTest()[pri:0, instance:com.comcast.crm.contacttest.CreateContactTest@433d61fb]" name="createContactWithSupportDateTest" class="com.comcast.crm.contacttest.CreateContactTest"/>
        <method signature="CreateOrganizationTest.createOrganizationWithIndustriesTest()[pri:0, instance:com.comcast.crm.orgtest.CreateOrganizationTest@363ee3a2]" name="createOrganizationWithIndustriesTest" class="com.comcast.crm.orgtest.CreateOrganizationTest"/>
        <method signature="CreateOrganizationTest.createOrganizationWithPhoneNoTest()[pri:0, instance:com.comcast.crm.orgtest.CreateOrganizationTest@363ee3a2]" name="createOrganizationWithPhoneNoTest" class="com.comcast.crm.orgtest.CreateOrganizationTest"/>
        <method signature="CreateOrganizationTest.deleteOrganizationTest()[pri:0, instance:com.comcast.crm.orgtest.CreateOrganizationTest@363ee3a2]" name="deleteOrganizationTest" class="com.comcast.crm.orgtest.CreateOrganizationTest"/>
      </group> <!-- regressionTest -->
      <group name="smokeTest">
        <method signature="CreateContactTest.createContactTest()[pri:0, instance:com.comcast.crm.contacttest.CreateContactTest@433d61fb]" name="createContactTest" class="com.comcast.crm.contacttest.CreateContactTest"/>
        <method signature="CreateOrganizationTest.createOrganizationTest()[pri:0, instance:com.comcast.crm.orgtest.CreateOrganizationTest@363ee3a2]" name="createOrganizationTest" class="com.comcast.crm.orgtest.CreateOrganizationTest"/>
      </group> <!-- smokeTest -->
    </groups>
    <test started-at="2024-08-16T23:22:38 IST" name="Surefire test" finished-at="2024-08-16T23:29:06 IST" duration-ms="387682">
      <class name="com.comcast.crm.orgtest.CreateOrganizationTest">
        <test-method is-config="true" signature="configBC()[pri:0, instance:com.comcast.crm.orgtest.CreateOrganizationTest@363ee3a2]" started-at="2024-08-16T23:25:56 IST" name="configBC" finished-at="2024-08-16T23:26:00 IST" duration-ms="3979" status="PASS">
          <reporter-output>
          </reporter-output>
        </test-method> <!-- configBC -->
        <test-method is-config="true" signature="configBM()[pri:0, instance:com.comcast.crm.orgtest.CreateOrganizationTest@363ee3a2]" started-at="2024-08-16T23:26:00 IST" name="configBM" finished-at="2024-08-16T23:26:18 IST" duration-ms="17506" status="PASS">
          <reporter-output>
          </reporter-output>
        </test-method> <!-- configBM -->
        <test-method signature="createOrganizationTest()[pri:0, instance:com.comcast.crm.orgtest.CreateOrganizationTest@363ee3a2]" started-at="2024-08-16T23:26:18 IST" name="createOrganizationTest" finished-at="2024-08-16T23:27:00 IST" duration-ms="41908" status="PASS">
          <reporter-output>
          </reporter-output>
        </test-method> <!-- createOrganizationTest -->
        <test-method is-config="true" signature="configAM()[pri:0, instance:com.comcast.crm.orgtest.CreateOrganizationTest@363ee3a2]" started-at="2024-08-16T23:27:00 IST" name="configAM" finished-at="2024-08-16T23:27:07 IST" duration-ms="7195" status="PASS">
          <reporter-output>
          </reporter-output>
        </test-method> <!-- configAM -->
        <test-method is-config="true" signature="configBM()[pri:0, instance:com.comcast.crm.orgtest.CreateOrganizationTest@363ee3a2]" started-at="2024-08-16T23:27:07 IST" name="configBM" finished-at="2024-08-16T23:27:13 IST" duration-ms="6348" status="PASS">
          <reporter-output>
          </reporter-output>
        </test-method> <!-- configBM -->
        <test-method signature="createOrganizationWithIndustriesTest()[pri:0, instance:com.comcast.crm.orgtest.CreateOrganizationTest@363ee3a2]" started-at="2024-08-16T23:27:13 IST" name="createOrganizationWithIndustriesTest" finished-at="2024-08-16T23:27:35 IST" duration-ms="21801" status="PASS">
          <reporter-output>
          </reporter-output>
        </test-method> <!-- createOrganizationWithIndustriesTest -->
        <test-method is-config="true" signature="configAM()[pri:0, instance:com.comcast.crm.orgtest.CreateOrganizationTest@363ee3a2]" started-at="2024-08-16T23:27:35 IST" name="configAM" finished-at="2024-08-16T23:27:38 IST" duration-ms="2755" status="PASS">
          <reporter-output>
          </reporter-output>
        </test-method> <!-- configAM -->
        <test-method is-config="true" signature="configBM()[pri:0, instance:com.comcast.crm.orgtest.CreateOrganizationTest@363ee3a2]" started-at="2024-08-16T23:27:38 IST" name="configBM" finished-at="2024-08-16T23:27:45 IST" duration-ms="7022" status="PASS">
          <reporter-output>
          </reporter-output>
        </test-method> <!-- configBM -->
        <test-method signature="createOrganizationWithPhoneNoTest()[pri:0, instance:com.comcast.crm.orgtest.CreateOrganizationTest@363ee3a2]" started-at="2024-08-16T23:27:45 IST" name="createOrganizationWithPhoneNoTest" finished-at="2024-08-16T23:28:10 IST" duration-ms="25043" status="PASS">
          <reporter-output>
          </reporter-output>
        </test-method> <!-- createOrganizationWithPhoneNoTest -->
        <test-method is-config="true" signature="configAM()[pri:0, instance:com.comcast.crm.orgtest.CreateOrganizationTest@363ee3a2]" started-at="2024-08-16T23:28:10 IST" name="configAM" finished-at="2024-08-16T23:28:13 IST" duration-ms="2975" status="PASS">
          <reporter-output>
          </reporter-output>
        </test-method> <!-- configAM -->
        <test-method is-config="true" signature="configBM()[pri:0, instance:com.comcast.crm.orgtest.CreateOrganizationTest@363ee3a2]" started-at="2024-08-16T23:28:13 IST" name="configBM" finished-at="2024-08-16T23:28:19 IST" duration-ms="6113" status="PASS">
          <reporter-output>
          </reporter-output>
        </test-method> <!-- configBM -->
        <test-method signature="deleteOrganizationTest()[pri:0, instance:com.comcast.crm.orgtest.CreateOrganizationTest@363ee3a2]" started-at="2024-08-16T23:28:19 IST" name="deleteOrganizationTest" finished-at="2024-08-16T23:28:57 IST" duration-ms="38290" status="PASS">
          <reporter-output>
          </reporter-output>
        </test-method> <!-- deleteOrganizationTest -->
        <test-method is-config="true" signature="configAM()[pri:0, instance:com.comcast.crm.orgtest.CreateOrganizationTest@363ee3a2]" started-at="2024-08-16T23:28:57 IST" name="configAM" finished-at="2024-08-16T23:29:05 IST" duration-ms="7435" status="PASS">
          <reporter-output>
          </reporter-output>
        </test-method> <!-- configAM -->
        <test-method is-config="true" signature="configAC()[pri:0, instance:com.comcast.crm.orgtest.CreateOrganizationTest@363ee3a2]" started-at="2024-08-16T23:29:05 IST" name="configAC" finished-at="2024-08-16T23:29:06 IST" duration-ms="771" status="PASS">
          <reporter-output>
          </reporter-output>
        </test-method> <!-- configAC -->
      </class> <!-- com.comcast.crm.orgtest.CreateOrganizationTest -->
      <class name="com.comcast.crm.contacttest.CreateContactTest">
        <test-method is-config="true" signature="configBS()[pri:0, instance:com.comcast.crm.contacttest.CreateContactTest@433d61fb]" started-at="2024-08-16T23:22:34 IST" name="configBS" finished-at="2024-08-16T23:22:38 IST" duration-ms="3329" status="PASS">
          <reporter-output>
          </reporter-output>
        </test-method> <!-- configBS -->
        <test-method is-config="true" signature="configBC()[pri:0, instance:com.comcast.crm.contacttest.CreateContactTest@433d61fb]" started-at="2024-08-16T23:22:38 IST" name="configBC" finished-at="2024-08-16T23:22:49 IST" duration-ms="11463" status="PASS">
          <reporter-output>
          </reporter-output>
        </test-method> <!-- configBC -->
        <test-method is-config="true" signature="configBM()[pri:0, instance:com.comcast.crm.contacttest.CreateContactTest@433d61fb]" started-at="2024-08-16T23:22:49 IST" name="configBM" finished-at="2024-08-16T23:23:37 IST" duration-ms="47646" status="PASS">
          <reporter-output>
          </reporter-output>
        </test-method> <!-- configBM -->
        <test-method signature="createContactTest()[pri:0, instance:com.comcast.crm.contacttest.CreateContactTest@433d61fb]" started-at="2024-08-16T23:23:37 IST" name="createContactTest" finished-at="2024-08-16T23:24:32 IST" duration-ms="54658" status="PASS">
          <reporter-output>
          </reporter-output>
        </test-method> <!-- createContactTest -->
        <test-method is-config="true" signature="configAM()[pri:0, instance:com.comcast.crm.contacttest.CreateContactTest@433d61fb]" started-at="2024-08-16T23:24:32 IST" name="configAM" finished-at="2024-08-16T23:24:35 IST" duration-ms="3551" status="PASS">
          <reporter-output>
          </reporter-output>
        </test-method> <!-- configAM -->
        <test-method is-config="true" signature="configBM()[pri:0, instance:com.comcast.crm.contacttest.CreateContactTest@433d61fb]" started-at="2024-08-16T23:24:35 IST" name="configBM" finished-at="2024-08-16T23:24:40 IST" duration-ms="5225" status="PASS">
          <reporter-output>
          </reporter-output>
        </test-method> <!-- configBM -->
        <test-method signature="createContactWithOrgTest()[pri:0, instance:com.comcast.crm.contacttest.CreateContactTest@433d61fb]" started-at="2024-08-16T23:24:40 IST" name="createContactWithOrgTest" finished-at="2024-08-16T23:25:23 IST" duration-ms="42708" status="PASS">
          <reporter-output>
          </reporter-output>
        </test-method> <!-- createContactWithOrgTest -->
        <test-method is-config="true" signature="configAM()[pri:0, instance:com.comcast.crm.contacttest.CreateContactTest@433d61fb]" started-at="2024-08-16T23:25:23 IST" name="configAM" finished-at="2024-08-16T23:25:26 IST" duration-ms="2460" status="PASS">
          <reporter-output>
          </reporter-output>
        </test-method> <!-- configAM -->
        <test-method is-config="true" signature="configBM()[pri:0, instance:com.comcast.crm.contacttest.CreateContactTest@433d61fb]" started-at="2024-08-16T23:25:26 IST" name="configBM" finished-at="2024-08-16T23:25:31 IST" duration-ms="5206" status="PASS">
          <reporter-output>
          </reporter-output>
        </test-method> <!-- configBM -->
        <test-method signature="createContactWithSupportDateTest()[pri:0, instance:com.comcast.crm.contacttest.CreateContactTest@433d61fb]" started-at="2024-08-16T23:25:31 IST" name="createContactWithSupportDateTest" finished-at="2024-08-16T23:25:53 IST" duration-ms="21815" status="PASS">
          <reporter-output>
          </reporter-output>
        </test-method> <!-- createContactWithSupportDateTest -->
        <test-method is-config="true" signature="configAM()[pri:0, instance:com.comcast.crm.contacttest.CreateContactTest@433d61fb]" started-at="2024-08-16T23:25:53 IST" name="configAM" finished-at="2024-08-16T23:25:55 IST" duration-ms="2648" status="PASS">
          <reporter-output>
          </reporter-output>
        </test-method> <!-- configAM -->
        <test-method is-config="true" signature="configAC()[pri:0, instance:com.comcast.crm.contacttest.CreateContactTest@433d61fb]" started-at="2024-08-16T23:25:55 IST" name="configAC" finished-at="2024-08-16T23:25:56 IST" duration-ms="981" status="PASS">
          <reporter-output>
          </reporter-output>
        </test-method> <!-- configAC -->
        <test-method is-config="true" signature="configAS()[pri:0, instance:com.comcast.crm.contacttest.CreateContactTest@433d61fb]" started-at="2024-08-16T23:29:06 IST" name="configAS" finished-at="2024-08-16T23:29:06 IST" duration-ms="32" status="PASS">
          <reporter-output>
          </reporter-output>
        </test-method> <!-- configAS -->
      </class> <!-- com.comcast.crm.contacttest.CreateContactTest -->
    </test> <!-- Surefire test -->
  </suite> <!-- Surefire suite -->
</testng-results>
